# JRE version: OpenJDK Runtime Environment (17.0.9) (build 17.0.9+0--11185874)
# Java VM: OpenJDK 64-Bit Server VM (17.0.9+0--11185874, mixed mode, tiered, compressed oops, compressed class ptrs, g1 gc, windows-amd64)
GC Precious Log:
 CPUs: 8 total, 8 available
 Memory: 16231M
 Large Page Support: Disabled
 NUMA Support: Disabled
 Compressed Oops: Enabled (32-bit)
 Heap Region Size: 1M
 Heap Min Capacity: 8M
 Heap Initial Capacity: 254M
 Heap Max Capacity: 2G
 Pre-touch: Disabled
 Parallel Workers: 8
 Concurrent Workers: 2
 Concurrent Refinement Workers: 8
 Periodic GC: Disabled
Heap:
 garbage-first heap   total 502784K, used 378880K [0x0000000080000000, 0x0000000100000000)
  region size 1024K, 49 young (50176K), 12 survivors (12288K)
 Metaspace       used 156204K, committed 157248K, reserved 1245184K
  class space    used 21830K, committed 22336K, reserved 1048576K
GC Heap History (20 events):
Event: 15.251 GC heap before
{Heap before GC invocations=43 (full 0):
 garbage-first heap   total 502784K, used 326136K [0x0000000080000000, 0x0000000100000000)
  region size 1024K, 151 young (154624K), 35 survivors (35840K)
 Metaspace       used 128011K, committed 128896K, reserved 1179648K
  class space    used 17287K, committed 17728K, reserved 1048576K
}
Event: 15.298 GC heap after
{Heap after GC invocations=44 (full 0):
 garbage-first heap   total 502784K, used 304640K [0x0000000080000000, 0x0000000100000000)
  region size 1024K, 19 young (19456K), 19 survivors (19456K)
 Metaspace       used 128011K, committed 128896K, reserved 1179648K
  class space    used 17287K, committed 17728K, reserved 1048576K
}
Event: 16.782 GC heap before
{Heap before GC invocations=44 (full 0):
 garbage-first heap   total 502784K, used 377344K [0x0000000080000000, 0x0000000100000000)
  region size 1024K, 86 young (88064K), 19 survivors (19456K)
 Metaspace       used 130051K, committed 130944K, reserved 1179648K
  class space    used 17458K, committed 17920K, reserved 1048576K
}
Event: 16.798 GC heap after
{Heap after GC invocations=45 (full 0):
 garbage-first heap   total 502784K, used 312320K [0x0000000080000000, 0x0000000100000000)
  region size 1024K, 11 young (11264K), 11 survivors (11264K)
 Metaspace       used 130051K, committed 130944K, reserved 1179648K
  class space    used 17458K, committed 17920K, reserved 1048576K
}
Event: 17.341 GC heap before
{Heap before GC invocations=45 (full 0):
 garbage-first heap   total 502784K, used 382976K [0x0000000080000000, 0x0000000100000000)
  region size 1024K, 79 young (80896K), 11 survivors (11264K)
 Metaspace       used 134439K, committed 135360K, reserved 1179648K
  class space    used 18158K, committed 18624K, reserved 1048576K
}
Event: 17.349 GC heap after
{Heap after GC invocations=46 (full 0):
 garbage-first heap   total 502784K, used 317215K [0x0000000080000000, 0x0000000100000000)
  region size 1024K, 8 young (8192K), 8 survivors (8192K)
 Metaspace       used 134439K, committed 135360K, reserved 1179648K
  class space    used 18158K, committed 18624K, reserved 1048576K
}
Event: 17.770 GC heap before
{Heap before GC invocations=46 (full 0):
 garbage-first heap   total 502784K, used 387871K [0x0000000080000000, 0x0000000100000000)
  region size 1024K, 78 young (79872K), 8 survivors (8192K)
 Metaspace       used 140924K, committed 141824K, reserved 1179648K
  class space    used 19332K, committed 19776K, reserved 1048576K
}
Event: 17.781 GC heap after
{Heap after GC invocations=47 (full 0):
 garbage-first heap   total 502784K, used 326656K [0x0000000080000000, 0x0000000100000000)
  region size 1024K, 10 young (10240K), 10 survivors (10240K)
 Metaspace       used 140924K, committed 141824K, reserved 1179648K
  class space    used 19332K, committed 19776K, reserved 1048576K
}
Event: 18.264 GC heap before
{Heap before GC invocations=47 (full 0):
 garbage-first heap   total 502784K, used 397312K [0x0000000080000000, 0x0000000100000000)
  region size 1024K, 80 young (81920K), 10 survivors (10240K)
 Metaspace       used 146460K, committed 147520K, reserved 1179648K
  class space    used 20349K, committed 20864K, reserved 1048576K
}
Event: 18.275 GC heap after
{Heap after GC invocations=48 (full 0):
 garbage-first heap   total 502784K, used 331413K [0x0000000080000000, 0x0000000100000000)
  region size 1024K, 5 young (5120K), 5 survivors (5120K)
 Metaspace       used 146460K, committed 147520K, reserved 1179648K
  class space    used 20349K, committed 20864K, reserved 1048576K
}
Event: 18.884 GC heap before
{Heap before GC invocations=48 (full 0):
 garbage-first heap   total 502784K, used 404117K [0x0000000080000000, 0x0000000100000000)
  region size 1024K, 77 young (78848K), 5 survivors (5120K)
 Metaspace       used 148623K, committed 149632K, reserved 1179648K
  class space    used 20647K, committed 21184K, reserved 1048576K
}
Event: 18.890 GC heap after
{Heap after GC invocations=49 (full 0):
 garbage-first heap   total 502784K, used 329977K [0x0000000080000000, 0x0000000100000000)
  region size 1024K, 4 young (4096K), 4 survivors (4096K)
 Metaspace       used 148623K, committed 149632K, reserved 1179648K
  class space    used 20647K, committed 21184K, reserved 1048576K
}
Event: 19.232 GC heap before
{Heap before GC invocations=49 (full 0):
 garbage-first heap   total 502784K, used 407801K [0x0000000080000000, 0x0000000100000000)
  region size 1024K, 81 young (82944K), 4 survivors (4096K)
 Metaspace       used 149901K, committed 150912K, reserved 1179648K
  class space    used 20933K, committed 21440K, reserved 1048576K
}
Event: 19.238 GC heap after
{Heap after GC invocations=50 (full 0):
 garbage-first heap   total 502784K, used 332778K [0x0000000080000000, 0x0000000100000000)
  region size 1024K, 6 young (6144K), 6 survivors (6144K)
 Metaspace       used 149901K, committed 150912K, reserved 1179648K
  class space    used 20933K, committed 21440K, reserved 1048576K
}
Event: 19.579 GC heap before
{Heap before GC invocations=50 (full 0):
 garbage-first heap   total 502784K, used 414698K [0x0000000080000000, 0x0000000100000000)
  region size 1024K, 86 young (88064K), 6 survivors (6144K)
 Metaspace       used 152157K, committed 153216K, reserved 1245184K
  class space    used 21344K, committed 21888K, reserved 1048576K
}
Event: 19.585 GC heap after
{Heap after GC invocations=51 (full 0):
 garbage-first heap   total 502784K, used 335664K [0x0000000080000000, 0x0000000100000000)
  region size 1024K, 7 young (7168K), 7 survivors (7168K)
 Metaspace       used 152157K, committed 153216K, reserved 1245184K
  class space    used 21344K, committed 21888K, reserved 1048576K
}
Event: 20.284 GC heap before
{Heap before GC invocations=51 (full 0):
 garbage-first heap   total 502784K, used 445232K [0x0000000080000000, 0x0000000100000000)
  region size 1024K, 88 young (90112K), 7 survivors (7168K)
 Metaspace       used 155268K, committed 156288K, reserved 1245184K
  class space    used 21781K, committed 22272K, reserved 1048576K
}
Event: 20.289 GC heap after
{Heap after GC invocations=52 (full 0):
 garbage-first heap   total 502784K, used 334000K [0x0000000080000000, 0x0000000100000000)
  region size 1024K, 4 young (4096K), 4 survivors (4096K)
 Metaspace       used 155268K, committed 156288K, reserved 1245184K
  class space    used 21781K, committed 22272K, reserved 1048576K
}
Event: 85.237 GC heap before
{Heap before GC invocations=52 (full 0):
 garbage-first heap   total 502784K, used 420016K [0x0000000080000000, 0x0000000100000000)
  region size 1024K, 89 young (91136K), 4 survivors (4096K)
 Metaspace       used 156043K, committed 157056K, reserved 1245184K
  class space    used 21825K, committed 22336K, reserved 1048576K
}
Event: 85.245 GC heap after
{Heap after GC invocations=53 (full 0):
 garbage-first heap   total 502784K, used 343040K [0x0000000080000000, 0x0000000100000000)
  region size 1024K, 12 young (12288K), 12 survivors (12288K)
 Metaspace       used 156043K, committed 157056K, reserved 1245184K
  class space    used 21825K, committed 22336K, reserved 1048576K
}

